{
  "stats": {
    "suites": 0,
    "tests": 1,
    "passes": 1,
    "pending": 0,
    "failures": 0,
    "start": "2025-02-18T07:18:09.984Z",
    "end": "2025-02-18T07:18:15.715Z",
    "duration": 5731,
    "testsRegistered": 1,
    "passPercent": 100,
    "pendingPercent": 0,
    "other": 0,
    "hasOther": false,
    "skipped": 0,
    "hasSkipped": false
  },
  "results": [
    {
      "uuid": "99461036-387a-4bd9-9311-8281e2f4523e",
      "title": "",
      "fullFile": "cypress\\e2e\\Testcase\\TC_03_About.cy.js",
      "file": "cypress\\e2e\\Testcase\\TC_03_About.cy.js",
      "beforeHooks": [],
      "afterHooks": [],
      "tests": [
        {
          "title": "Construct monitor",
          "fullTitle": "Construct monitor",
          "timedOut": null,
          "duration": 5711,
          "state": "passed",
          "speed": "medium",
          "pass": true,
          "fail": false,
          "pending": false,
          "context": "{\n  \"title\": \"cypress-mochawesome-reporter-videos-passed\",\n  \"value\": \"cypress\\\\e2e\\\\Testcase\\\\TC_03_About.cy.js\"\n}",
          "code": "cy.visit('http://10.1.0.83/#/login');\ncy.viewport(1920, 1080); // Full HD resolution\ncy.get('#acceptBtn').click();\n// Fetch email & password from Cypress config\ncy.get('#email').type(`${Cypress.env(\"email\")}{Enter}`);\ncy.get('#exampleInputPassword1').type(`${Cypress.env(\"password\")}{Enter}`);\ncy.wait(1000);\ncy.xpath(\"//div/input[1]\").type(`${Cypress.env(\"OTP\")}{Enter}`);\ncy.wait(3000);\n//validation of the login page....\ncy.get('.col-md-6 > .mb-3').should(\"contain.text\", \"Neilsoft - Active Construction Sites\");\ncy.get('.aboutpage > img').click();",
          "err": {},
          "uuid": "a8c88c31-5827-4542-9fa5-20c1158e3ef3",
          "parentUUID": "99461036-387a-4bd9-9311-8281e2f4523e",
          "isHook": false,
          "skipped": false
        }
      ],
      "suites": [],
      "passes": [
        "a8c88c31-5827-4542-9fa5-20c1158e3ef3"
      ],
      "failures": [],
      "pending": [],
      "skipped": [],
      "duration": 5711,
      "root": true,
      "rootEmpty": false,
      "_timeout": 2000
    }
  ],
  "meta": {
    "mocha": {
      "version": "7.0.1"
    },
    "mochawesome": {
      "options": {
        "quiet": false,
        "reportFilename": "mochawesome",
        "saveHtml": false,
        "saveJson": true,
        "consoleReporter": "spec",
        "useInlineDiffs": false,
        "code": true
      },
      "version": "7.1.3"
    },
    "marge": {
      "options": {
        "reportDir": "cypress\\reports\\.jsons",
        "overwrite": false,
        "html": false,
        "json": true,
        "timestamp": "mmddyyyy_HHMMss"
      },
      "version": "6.2.0"
    }
  }
}