{
  "stats": {
    "suites": 0,
    "tests": 1,
    "passes": 0,
    "pending": 0,
    "failures": 1,
    "start": "2025-02-18T07:18:18.085Z",
    "end": "2025-02-18T07:18:28.437Z",
    "duration": 10352,
    "testsRegistered": 1,
    "passPercent": 0,
    "pendingPercent": 0,
    "other": 0,
    "hasOther": false,
    "skipped": 0,
    "hasSkipped": false
  },
  "results": [
    {
      "uuid": "a77bb3bc-ebe0-4f11-bdb4-b3f3b1920976",
      "title": "",
      "fullFile": "cypress\\e2e\\Testcase\\TC_04_Language change.cy.js",
      "file": "cypress\\e2e\\Testcase\\TC_04_Language change.cy.js",
      "beforeHooks": [],
      "afterHooks": [],
      "tests": [
        {
          "title": "Construct monitor",
          "fullTitle": "Construct monitor",
          "timedOut": null,
          "duration": 10293,
          "state": "failed",
          "speed": null,
          "pass": false,
          "fail": true,
          "pending": false,
          "context": "[\n  {\n    \"title\": \"cypress-mochawesome-reporter-videos-failed\",\n    \"value\": \"cypress\\\\e2e\\\\Testcase\\\\TC_04_Language change.cy.js\"\n  },\n  {\n    \"title\": \"cypress-mochawesome-reporter-screenshots\",\n    \"value\": [\n      [\n        \"\\\\TC_04_Language change.cy.js\\\\Construct monitor (failed).png\"\n      ]\n    ]\n  }\n]",
          "code": "cy.visit('http://10.1.0.83/#/login');\ncy.viewport(1920, 1080); // Full HD resolution\ncy.get('#acceptBtn').click();\n// Fetch email & password from Cypress config\ncy.get('#email').type(`${Cypress.env(\"email\")}{Enter}`);\ncy.get('#exampleInputPassword1').type(`${Cypress.env(\"password\")}{Enter}`);\ncy.wait(1000);\ncy.xpath(\"//div/input[1]\").type(`${Cypress.env(\"OTP\")}{Enter}`);\ncy.wait(3000);\n//validation of the login page....\ncy.get('.col-md-6 > .mb-3').should(\"contain.text\", \"Neilsoft - Active Construction Sites\");\ncy.get('#dropdownMenuButton1 > img').click();\ncy.get('#_ngcontent-ng-c427614004').select('English').should('have.value', 'English'); // Select by visible text",
          "err": {
            "message": "AssertionError: Timed out retrying after 4000ms: Expected to find element: `#_ngcontent-ng-c427614004`, but never found it.",
            "estack": "AssertionError: Timed out retrying after 4000ms: Expected to find element: `#_ngcontent-ng-c427614004`, but never found it.\n    at Context.eval (webpack://cypress-project/./cypress/e2e/Testcase/TC_04_Language change.cy.js:25:6)",
            "diff": null
          },
          "uuid": "0330f66f-2b20-48fd-a7f4-a5b38b2bc09b",
          "parentUUID": "a77bb3bc-ebe0-4f11-bdb4-b3f3b1920976",
          "isHook": false,
          "skipped": false
        }
      ],
      "suites": [],
      "passes": [],
      "failures": [
        "0330f66f-2b20-48fd-a7f4-a5b38b2bc09b"
      ],
      "pending": [],
      "skipped": [],
      "duration": 10293,
      "root": true,
      "rootEmpty": false,
      "_timeout": 2000
    }
  ],
  "meta": {
    "mocha": {
      "version": "7.0.1"
    },
    "mochawesome": {
      "options": {
        "quiet": false,
        "reportFilename": "mochawesome",
        "saveHtml": false,
        "saveJson": true,
        "consoleReporter": "spec",
        "useInlineDiffs": false,
        "code": true
      },
      "version": "7.1.3"
    },
    "marge": {
      "options": {
        "reportDir": "cypress\\reports\\.jsons",
        "overwrite": false,
        "html": false,
        "json": true,
        "timestamp": "mmddyyyy_HHMMss"
      },
      "version": "6.2.0"
    }
  }
}