{
  "stats": {
    "suites": 0,
    "tests": 1,
    "passes": 1,
    "pending": 0,
    "failures": 0,
    "start": "2025-02-18T11:13:28.917Z",
    "end": "2025-02-18T11:13:47.772Z",
    "duration": 18855,
    "testsRegistered": 1,
    "passPercent": 100,
    "pendingPercent": 0,
    "other": 0,
    "hasOther": false,
    "skipped": 0,
    "hasSkipped": false
  },
  "results": [
    {
      "uuid": "1bdf9978-d1d9-4d6e-b8bb-f48f404382ad",
      "title": "",
      "fullFile": "cypress\\e2e\\Testcase\\TC_06_Add project.cy.js",
      "file": "cypress\\e2e\\Testcase\\TC_06_Add project.cy.js",
      "beforeHooks": [],
      "afterHooks": [],
      "tests": [
        {
          "title": "Construct monitor",
          "fullTitle": "Construct monitor",
          "timedOut": null,
          "duration": 18839,
          "state": "passed",
          "speed": "slow",
          "pass": true,
          "fail": false,
          "pending": false,
          "context": "{\n  \"title\": \"cypress-mochawesome-reporter-videos-passed\",\n  \"value\": \"cypress\\\\e2e\\\\Testcase\\\\TC_06_Add project.cy.js\"\n}",
          "code": "cy.visit('http://10.1.0.83/#/login');\ncy.viewport(1920, 1080); // Full HD resolution\ncy.get('#acceptBtn').click();\n// Fetch email & password from Cypress config\ncy.get('#email').type(`${Cypress.env(\"email\")}{Enter}`);\ncy.get('#exampleInputPassword1').type(`${Cypress.env(\"password\")}{Enter}`);\ncy.wait(1000);\ncy.xpath(\"//div/input[1]\").type(`${Cypress.env(\"OTP\")}{Enter}`);\ncy.wait(3000);\ncy.get('.btn.me-3 > .bi').click();\ncy.get('#projectName1').type('Neilsoft 105');\ncy.wait(3000);\ncy.get('#scheduleForm').type('2025-02-12');\ncy.wait(3000);\ncy.get('#scheduleTo').type('2025-05-14');\ncy.wait(3000);\ncy.get('#buildupArea').type('1000');\ncy.wait(3000);\ncy.get('.mt-4 > .btn').click();",
          "err": {},
          "uuid": "2305bc7b-dd53-4383-9ac7-5d781d1cd99f",
          "parentUUID": "1bdf9978-d1d9-4d6e-b8bb-f48f404382ad",
          "isHook": false,
          "skipped": false
        }
      ],
      "suites": [],
      "passes": [
        "2305bc7b-dd53-4383-9ac7-5d781d1cd99f"
      ],
      "failures": [],
      "pending": [],
      "skipped": [],
      "duration": 18839,
      "root": true,
      "rootEmpty": false,
      "_timeout": 2000
    }
  ],
  "meta": {
    "mocha": {
      "version": "7.0.1"
    },
    "mochawesome": {
      "options": {
        "quiet": false,
        "reportFilename": "mochawesome",
        "saveHtml": false,
        "saveJson": true,
        "consoleReporter": "spec",
        "useInlineDiffs": false,
        "code": true
      },
      "version": "7.1.3"
    },
    "marge": {
      "options": {
        "reportDir": "cypress\\reports\\.jsons",
        "overwrite": false,
        "html": false,
        "json": true,
        "timestamp": "mmddyyyy_HHMMss"
      },
      "version": "6.2.0"
    }
  }
}