{
  "stats": {
    "suites": 1,
    "tests": 1,
    "passes": 0,
    "pending": 0,
    "failures": 1,
    "start": "2025-02-18T06:23:00.814Z",
    "end": "2025-02-18T06:23:05.565Z",
    "duration": 4751,
    "testsRegistered": 1,
    "passPercent": 0,
    "pendingPercent": 0,
    "other": 0,
    "hasOther": false,
    "skipped": 0,
    "hasSkipped": false
  },
  "results": [
    {
      "uuid": "1a022b89-95f8-43f3-bdb8-c34f0ce9303e",
      "title": "",
      "fullFile": "cypress\\e2e\\Testcase\\TC_01_Login.cy.js",
      "file": "cypress\\e2e\\Testcase\\TC_01_Login.cy.js",
      "beforeHooks": [],
      "afterHooks": [],
      "tests": [],
      "suites": [
        {
          "uuid": "1fae5887-8db5-45b4-886d-68bfb240e9dd",
          "title": "Login page",
          "fullFile": "",
          "file": "",
          "beforeHooks": [],
          "afterHooks": [],
          "tests": [
            {
              "title": "should log in using credentials from config",
              "fullTitle": "Login page should log in using credentials from config",
              "timedOut": null,
              "duration": 4717,
              "state": "failed",
              "speed": null,
              "pass": false,
              "fail": true,
              "pending": false,
              "context": "[\n  {\n    \"title\": \"cypress-mochawesome-reporter-videos-failed\",\n    \"value\": \"cypress\\\\e2e\\\\Testcase\\\\TC_01_Login.cy.js\"\n  },\n  {\n    \"title\": \"cypress-mochawesome-reporter-screenshots\",\n    \"value\": [\n      [\n        \"\\\\TC_01_Login.cy.js\\\\Login page -- should log in using credentials from config (failed).png\"\n      ]\n    ]\n  }\n]",
              "code": "const login = new _loginpage.default();\ncy.visit(\"http\\://10.1.0.83/\\#/\") // Visit login page\n.viewport(1920, 1080) // Full HD resolution\n.then(() => {\n  cy.log('Visited login page successfully');\n});\ncy.then(() => {\n  login.clickAccept();\n}).then(() => {\n  cy.log('Accepted cookies successfully');\n});\ncy.then(() => {\n  if (!Cypress.env(\"email\")) {\n    throw new Error('Email is not set in Cypress environment variables');\n  }\n  login.setemail(Cypress.env(\"email\"));\n}).then(() => {\n  cy.log('Entered email successfully');\n});\ncy.then(() => {\n  if (!Cypress.env(\"password\")) {\n    throw new Error('Password is not set in Cypress environment variables');\n  }\n  login.setPassword(Cypress.env(\"password\"));\n}).then(() => {\n  cy.log('Entered password successfully');\n});\ncy.wait(1000);\ncy.then(() => {\n  if (!Cypress.env(\"OTP\")) {\n    throw new Error('OTP is not set in Cypress environment variables');\n  }\n  login.setOTP(Cypress.env(\"OTP\"));\n}).then(() => {\n  cy.log('Entered OTP successfully');\n});\n// Validation of the login page\ncy.then(() => {\n  login.verifyLogin();\n}).then(() => {\n  cy.log('Login verified successfully');\n});",
              "err": {
                "message": "CypressError: `cy.type()` can only be called on a single element. Your subject contained 3 elements.\n\nhttps://on.cypress.io/type",
                "estack": "CypressError: `cy.type()` can only be called on a single element. Your subject contained 3 elements.\n\nhttps://on.cypress.io/type\n    at Context.type (http://10.1.0.83/__cypress/runner/cypress_runner.js:115372:68)\n    at wrapped (http://10.1.0.83/__cypress/runner/cypress_runner.js:138092:19)\nFrom Your Spec Code:\n    at Login.setOTP (webpack://cypress-project/./cypress/e2e/PageObject/loginpage.js:16:35)\n    at Context.eval (webpack://cypress-project/./cypress/e2e/Testcase/TC_01_Login.cy.js:91:12)",
                "diff": null
              },
              "uuid": "4fb6d02a-91ea-4277-9415-79a13f66ccfb",
              "parentUUID": "1fae5887-8db5-45b4-886d-68bfb240e9dd",
              "isHook": false,
              "skipped": false
            }
          ],
          "suites": [],
          "passes": [],
          "failures": [
            "4fb6d02a-91ea-4277-9415-79a13f66ccfb"
          ],
          "pending": [],
          "skipped": [],
          "duration": 4717,
          "root": false,
          "rootEmpty": false,
          "_timeout": 2000
        }
      ],
      "passes": [],
      "failures": [],
      "pending": [],
      "skipped": [],
      "duration": 0,
      "root": true,
      "rootEmpty": true,
      "_timeout": 2000
    }
  ],
  "meta": {
    "mocha": {
      "version": "7.0.1"
    },
    "mochawesome": {
      "options": {
        "quiet": false,
        "reportFilename": "mochawesome",
        "saveHtml": false,
        "saveJson": true,
        "consoleReporter": "spec",
        "useInlineDiffs": false,
        "code": true
      },
      "version": "7.1.3"
    },
    "marge": {
      "options": {
        "reportDir": "cypress\\reports\\.jsons",
        "overwrite": false,
        "html": false,
        "json": true,
        "timestamp": "mmddyyyy_HHMMss"
      },
      "version": "6.2.0"
    }
  }
}