{
  "stats": {
    "suites": 0,
    "tests": 1,
    "passes": 0,
    "pending": 0,
    "failures": 1,
    "start": "2025-02-18T07:18:36.128Z",
    "end": "2025-02-18T07:18:47.063Z",
    "duration": 10935,
    "testsRegistered": 1,
    "passPercent": 0,
    "pendingPercent": 0,
    "other": 0,
    "hasOther": false,
    "skipped": 0,
    "hasSkipped": false
  },
  "results": [
    {
      "uuid": "74882e3f-16ad-44da-be3c-4f162e1119dd",
      "title": "",
      "fullFile": "cypress\\e2e\\Testcase\\TC_06_Add project.cy.js",
      "file": "cypress\\e2e\\Testcase\\TC_06_Add project.cy.js",
      "beforeHooks": [],
      "afterHooks": [],
      "tests": [
        {
          "title": "Construct monitor",
          "fullTitle": "Construct monitor",
          "timedOut": null,
          "duration": 10894,
          "state": "failed",
          "speed": null,
          "pass": false,
          "fail": true,
          "pending": false,
          "context": "[\n  {\n    \"title\": \"cypress-mochawesome-reporter-videos-failed\",\n    \"value\": \"cypress\\\\e2e\\\\Testcase\\\\TC_06_Add project.cy.js\"\n  },\n  {\n    \"title\": \"cypress-mochawesome-reporter-screenshots\",\n    \"value\": [\n      [\n        \"\\\\TC_06_Add project.cy.js\\\\Construct monitor (failed).png\"\n      ]\n    ]\n  }\n]",
          "code": "cy.visit('http://10.1.0.83/#/login');\ncy.viewport(1920, 1080); // Full HD resolution\ncy.get('#acceptBtn').click();\n// Fetch email & password from Cypress config\ncy.get('#email').type(`${Cypress.env(\"email\")}{Enter}`);\ncy.get('#exampleInputPassword1').type(`${Cypress.env(\"password\")}{Enter}`);\ncy.wait(1000);\ncy.xpath(\"//div/input[1]\").type(`${Cypress.env(\"OTP\")}{Enter}`);\ncy.wait(3000);\ncy.get('.btn.me-3 > .bi').click();\ncy.get('#projectName1').type('Neilsoft 02{enter}');\ncy.get('#scheduleForm').type('2025-02-12');\ncy.get('#scheduleTo').type('2025-05-12');\ncy.get('#buildupArea').type('1000{enter}');\ncy.get('form.ng-invalid > .mt-4').click();",
          "err": {
            "message": "AssertionError: Timed out retrying after 4000ms: Expected to find element: `form.ng-invalid > .mt-4`, but never found it.",
            "estack": "AssertionError: Timed out retrying after 4000ms: Expected to find element: `form.ng-invalid > .mt-4`, but never found it.\n    at Context.eval (webpack://cypress-project/./cypress/e2e/Testcase/TC_06_Add project.cy.js:26:9)",
            "diff": null
          },
          "uuid": "d1e84b76-7dce-4e02-8c37-dbb579e6a1c2",
          "parentUUID": "74882e3f-16ad-44da-be3c-4f162e1119dd",
          "isHook": false,
          "skipped": false
        }
      ],
      "suites": [],
      "passes": [],
      "failures": [
        "d1e84b76-7dce-4e02-8c37-dbb579e6a1c2"
      ],
      "pending": [],
      "skipped": [],
      "duration": 10894,
      "root": true,
      "rootEmpty": false,
      "_timeout": 2000
    }
  ],
  "meta": {
    "mocha": {
      "version": "7.0.1"
    },
    "mochawesome": {
      "options": {
        "quiet": false,
        "reportFilename": "mochawesome",
        "saveHtml": false,
        "saveJson": true,
        "consoleReporter": "spec",
        "useInlineDiffs": false,
        "code": true
      },
      "version": "7.1.3"
    },
    "marge": {
      "options": {
        "reportDir": "cypress\\reports\\.jsons",
        "overwrite": false,
        "html": false,
        "json": true,
        "timestamp": "mmddyyyy_HHMMss"
      },
      "version": "6.2.0"
    }
  }
}