{
  "stats": {
    "suites": 0,
    "tests": 1,
    "passes": 0,
    "pending": 0,
    "failures": 1,
    "start": "2025-02-18T10:40:22.718Z",
    "end": "2025-02-18T10:40:25.504Z",
    "duration": 2786,
    "testsRegistered": 1,
    "passPercent": 0,
    "pendingPercent": 0,
    "other": 0,
    "hasOther": false,
    "skipped": 0,
    "hasSkipped": false
  },
  "results": [
    {
      "uuid": "a74839d0-0941-421b-ba7c-d2ae8767eafa",
      "title": "",
      "fullFile": "cypress\\e2e\\Testcase\\TC_07_Add building.cy.js",
      "file": "cypress\\e2e\\Testcase\\TC_07_Add building.cy.js",
      "beforeHooks": [],
      "afterHooks": [],
      "tests": [
        {
          "title": "Construct monitor",
          "fullTitle": "Construct monitor",
          "timedOut": null,
          "duration": 2757,
          "state": "failed",
          "speed": null,
          "pass": false,
          "fail": true,
          "pending": false,
          "context": "[\n  {\n    \"title\": \"cypress-mochawesome-reporter-videos-failed\",\n    \"value\": \"cypress\\\\e2e\\\\Testcase\\\\TC_07_Add building.cy.js\"\n  },\n  {\n    \"title\": \"cypress-mochawesome-reporter-screenshots\",\n    \"value\": [\n      [\n        \"\\\\TC_07_Add building.cy.js\\\\Construct monitor (failed).png\"\n      ]\n    ]\n  }\n]",
          "code": "cy.visit('http://10.1.0.83/#/login');\ncy.viewport(1920, 1080); // Full HD resolution\ncy.get('#acceptBtn').click();\n// Fetch email & password from Cypress config\ncy.get('#email').type(`${Cypress.env(\"email\")}{Enter}`);\ncy.get('#exampleInputPassword1').type(`${Cypress.env(\"password\")}{Enter}`);\ncy.wait(1000);\ncy.xpath(\"//div/input[1]\").type(`${Cypress.env(\"OTP\")}{Enter}`);\ncy.wait(3000);\ncy.get('.col-md-9 > .btn').click();",
          "err": {
            "message": "CypressError: `cy.type()` can only be called on a single element. Your subject contained 3 elements.\n\nhttps://on.cypress.io/type",
            "estack": "CypressError: `cy.type()` can only be called on a single element. Your subject contained 3 elements.\n\nhttps://on.cypress.io/type\n    at Context.type (http://10.1.0.83/__cypress/runner/cypress_runner.js:114376:68)\n    at wrapped (http://10.1.0.83/__cypress/runner/cypress_runner.js:138827:19)\nFrom Your Spec Code:\n    at Context.eval (webpack://cypress-project/./cypress/e2e/Testcase/TC_07_Add building.cy.js:15:33)",
            "diff": null
          },
          "uuid": "5c838cbb-9950-48a5-ac9d-2ea55b9d868a",
          "parentUUID": "a74839d0-0941-421b-ba7c-d2ae8767eafa",
          "isHook": false,
          "skipped": false
        }
      ],
      "suites": [],
      "passes": [],
      "failures": [
        "5c838cbb-9950-48a5-ac9d-2ea55b9d868a"
      ],
      "pending": [],
      "skipped": [],
      "duration": 2757,
      "root": true,
      "rootEmpty": false,
      "_timeout": 2000
    }
  ],
  "meta": {
    "mocha": {
      "version": "7.0.1"
    },
    "mochawesome": {
      "options": {
        "quiet": false,
        "reportFilename": "mochawesome",
        "saveHtml": false,
        "saveJson": true,
        "consoleReporter": "spec",
        "useInlineDiffs": false,
        "code": true
      },
      "version": "7.1.3"
    },
    "marge": {
      "options": {
        "reportDir": "cypress\\reports\\.jsons",
        "overwrite": false,
        "html": false,
        "json": true,
        "timestamp": "mmddyyyy_HHMMss"
      },
      "version": "6.2.0"
    }
  }
}